Configuring connection-0.2.8...
Preprocessing library for connection-0.2.8..
Building library for connection-0.2.8..
[1 of 2] Compiling Network.Connection.Types ( Network\Connection\Types.hs, .stack-work\dist\5c8418a7\build\Network\Connection\Types.o )
[2 of 2] Compiling Network.Connection ( Network\Connection.hs, .stack-work\dist\5c8418a7\build\Network\Connection.o )

Network\Connection.hs:52:1: warning: [-Wunused-imports]
    The import of `Control.Applicative' is redundant
      except perhaps to import instances from `Control.Applicative'
    To import instances alone, use: import Control.Applicative()
   |
52 | import Control.Applicative
   | ^^^^^^^^^^^^^^^^^^^^^^^^^^

Network\Connection.hs:101:1: warning: [-Wunused-top-binds]
    Defined but not used: `connectionSessionManager'
    |
101 | connectionSessionManager mvar = TLS.SessionManager
    | ^^^^^^^^^^^^^^^^^^^^^^^^

Network\Connection.hs:117:62: warning: [-Wdeprecations]
    In the use of `ciphersuite_all'
    (imported from Network.TLS.Extra, but defined in Network.TLS.Extra.Cipher):
    "This ciphersuite list contains RC4. Use ciphersuite_strong or ciphersuite_default instead."
    |
117 |         { TLS.clientSupported = def { TLS.supportedCiphers = TLS.ciphersuite_all }
    |                                                              ^^^^^^^^^^^^^^^^^^^

Network\Connection.hs:206:39: warning: [-Wname-shadowing]
    This binding for `serv' shadows the existing binding
      bound at Network\Connection.hs:205:17
    |
206 |                             N.Service serv -> serv
    |                                       ^^^^

Network\Connection.hs:208:29: warning: [-Woverlapping-patterns]
    Pattern match is redundant
    In a case alternative: _ -> ...
    |
208 |                             _              -> error "cannot resolve service" 
    |                             ^^^^^^^^^^^^^^^^^^^^^^^^^^^^^^^^^^^^^^^^^^^^^^^^
Installing library in C:\sr\snapshots\13cecb13\lib\x86_64-windows-ghc-8.2.2\connection-0.2.8-HpyAXrfRvARF9JXImI8iy6
Registering library for connection-0.2.8..
