Configuring haskeline-0.7.4.2...
Preprocessing library for haskeline-0.7.4.2..
Failed to remove file .stack-work\dist\5c8418a7\build\System\Console\Haskeline\Backend\Win32_hsc_make.exe; error= DeleteFile ".stack-work\\dist\\5c8418a7\\build\\System\\Console\\Haskeline\\Backend\\Win32_hsc_make.exe": permission denied (Odmowa dost©pu.)
Building library for haskeline-0.7.4.2..

on the commandline: warning:
    -XOverlappingInstances is deprecated: instead use per-instance pragmas OVERLAPPING/OVERLAPPABLE/OVERLAPS
[ 1 of 25] Compiling System.Console.Haskeline.Directory ( .stack-work\dist\5c8418a7\build\System\Console\Haskeline\Directory.hs, .stack-work\dist\5c8418a7\build\System\Console\Haskeline\Directory.o )
[ 2 of 25] Compiling System.Console.Haskeline.Key ( System\Console\Haskeline\Key.hs, .stack-work\dist\5c8418a7\build\System\Console\Haskeline\Key.o )
[ 3 of 25] Compiling System.Console.Haskeline.LineState ( System\Console\Haskeline\LineState.hs, .stack-work\dist\5c8418a7\build\System\Console\Haskeline\LineState.o )
[ 4 of 25] Compiling System.Console.Haskeline.Command ( System\Console\Haskeline\Command.hs, .stack-work\dist\5c8418a7\build\System\Console\Haskeline\Command.o )
[ 5 of 25] Compiling System.Console.Haskeline.Backend.WCWidth ( System\Console\Haskeline\Backend\WCWidth.hs, .stack-work\dist\5c8418a7\build\System\Console\Haskeline\Backend\WCWidth.o )
[ 6 of 25] Compiling System.Console.Haskeline.MonadException ( System\Console\Haskeline\MonadException.hs, .stack-work\dist\5c8418a7\build\System\Console\Haskeline\MonadException.o )

System\Console\Haskeline\MonadException.hs:39:1: warning: [-Wdeprecations]
    Module `Control.Monad.Trans.Error' is deprecated:
      Use Control.Monad.Trans.Except instead
   |
39 | import Control.Monad.Trans.Error
   | ^^^^^^^^^^^^^^^^^^^^^^^^^^^^^^^^

System\Console\Haskeline\MonadException.hs:44:1: warning: [-Wunused-imports]
    The import of `Data.Monoid' is redundant
      except perhaps to import instances from `Data.Monoid'
    To import instances alone, use: import Data.Monoid()
   |
44 | import Data.Monoid
   | ^^^^^^^^^^^^^^^^^^

System\Console\Haskeline\MonadException.hs:162:29: warning: [-Wdeprecations]
    In the use of type constructor or class `Error'
    (imported from Control.Monad.Trans.Error):
    Deprecated: "Use Control.Monad.Trans.Except instead"
    |
162 | instance (MonadException m, Error e) => MonadException (ErrorT e m) where
    |                             ^^^^^

System\Console\Haskeline\MonadException.hs:162:57: warning: [-Wdeprecations]
    In the use of type constructor or class `ErrorT'
    (imported from Control.Monad.Trans.Error):
    Deprecated: "Use Control.Monad.Trans.Except instead"
    |
162 | instance (MonadException m, Error e) => MonadException (ErrorT e m) where
    |                                                         ^^^^^^

System\Console\Haskeline\MonadException.hs:163:19: warning: [-Wdeprecations]
    In the use of data constructor `ErrorT'
    (imported from Control.Monad.Trans.Error):
    Deprecated: "Use Control.Monad.Trans.Except instead"
    |
163 |     controlIO f = ErrorT $ controlIO $ \(RunIO run) -> let
    |                   ^^^^^^

System\Console\Haskeline\MonadException.hs:164:40: warning: [-Wdeprecations]
    In the use of data constructor `ErrorT'
    (imported from Control.Monad.Trans.Error):
    Deprecated: "Use Control.Monad.Trans.Except instead"
    |
164 |                     run' = RunIO (fmap ErrorT . run . runErrorT)
    |                                        ^^^^^^

System\Console\Haskeline\MonadException.hs:164:55: warning: [-Wdeprecations]
    In the use of `runErrorT'
    (imported from Control.Monad.Trans.Error):
    Deprecated: "Use Control.Monad.Trans.Except instead"
    |
164 |                     run' = RunIO (fmap ErrorT . run . runErrorT)
    |                                                       ^^^^^^^^^

System\Console\Haskeline\MonadException.hs:165:29: warning: [-Wdeprecations]
    In the use of `runErrorT'
    (imported from Control.Monad.Trans.Error):
    Deprecated: "Use Control.Monad.Trans.Except instead"
    |
165 |                     in fmap runErrorT $ f run'
    |                             ^^^^^^^^^
[ 7 of 25] Compiling System.Console.Haskeline.Backend.Win32.Echo ( System\Console\Haskeline\Backend\Win32\Echo.hs, .stack-work\dist\5c8418a7\build\System\Console\Haskeline\Backend\Win32\Echo.o )
[ 8 of 25] Compiling System.Console.Haskeline.Monads ( System\Console\Haskeline\Monads.hs, .stack-work\dist\5c8418a7\build\System\Console\Haskeline\Monads.o )
[ 9 of 25] Compiling System.Console.Haskeline.Completion ( System\Console\Haskeline\Completion.hs, .stack-work\dist\5c8418a7\build\System\Console\Haskeline\Completion.o )
[10 of 25] Compiling System.Console.Haskeline.Command.Undo ( System\Console\Haskeline\Command\Undo.hs, .stack-work\dist\5c8418a7\build\System\Console\Haskeline\Command\Undo.o )
[11 of 25] Compiling System.Console.Haskeline.Command.KillRing ( System\Console\Haskeline\Command\KillRing.hs, .stack-work\dist\5c8418a7\build\System\Console\Haskeline\Command\KillRing.o )
[12 of 25] Compiling System.Console.Haskeline.Prefs ( System\Console\Haskeline\Prefs.hs, .stack-work\dist\5c8418a7\build\System\Console\Haskeline\Prefs.o )
[13 of 25] Compiling System.Console.Haskeline.Recover ( System\Console\Haskeline\Recover.hs, .stack-work\dist\5c8418a7\build\System\Console\Haskeline\Recover.o )
[14 of 25] Compiling System.Console.Haskeline.History ( System\Console\Haskeline\History.hs, .stack-work\dist\5c8418a7\build\System\Console\Haskeline\History.o )
[15 of 25] Compiling System.Console.Haskeline.Command.History ( System\Console\Haskeline\Command\History.hs, .stack-work\dist\5c8418a7\build\System\Console\Haskeline\Command\History.o )
[16 of 25] Compiling System.Console.Haskeline.Term ( System\Console\Haskeline\Term.hs, .stack-work\dist\5c8418a7\build\System\Console\Haskeline\Term.o )

System\Console\Haskeline\Term.hs:12:1: warning: [-Wunused-imports]
    The import of `bracket_'
    from module `Control.Exception' is redundant
   |
12 | import Control.Exception (fromException, AsyncException(..),bracket_)
   | ^^^^^^^^^^^^^^^^^^^^^^^^^^^^^^^^^^^^^^^^^^^^^^^^^^^^^^^^^^^^^^^^^^^^^
[17 of 25] Compiling System.Console.Haskeline.RunCommand ( System\Console\Haskeline\RunCommand.hs, .stack-work\dist\5c8418a7\build\System\Console\Haskeline\RunCommand.o )
[18 of 25] Compiling System.Console.Haskeline.Command.Completion ( System\Console\Haskeline\Command\Completion.hs, .stack-work\dist\5c8418a7\build\System\Console\Haskeline\Command\Completion.o )
[19 of 25] Compiling System.Console.Haskeline.Backend.Win32 ( .stack-work\dist\5c8418a7\build\System\Console\Haskeline\Backend\Win32.hs, .stack-work\dist\5c8418a7\build\System\Console\Haskeline\Backend\Win32.o )

System\Console\Haskeline\Backend\Win32.hsc:18:1: warning: [-Wunused-imports]
    The import of `Control.Applicative' is redundant
      except perhaps to import instances from `Control.Applicative'
    To import instances alone, use: import Control.Applicative()
   |
18 | import Control.Applicative
   | ^^^^^^^^^^^^^^^^^^^^^^^^^^
[20 of 25] Compiling System.Console.Haskeline.Backend ( System\Console\Haskeline\Backend.hs, .stack-work\dist\5c8418a7\build\System\Console\Haskeline\Backend.o )
[21 of 25] Compiling System.Console.Haskeline.InputT ( System\Console\Haskeline\InputT.hs, .stack-work\dist\5c8418a7\build\System\Console\Haskeline\InputT.o )

System\Console\Haskeline\InputT.hs:16:1: warning: [-Wunused-imports]
    The import of `Control.Applicative' is redundant
      except perhaps to import instances from `Control.Applicative'
    To import instances alone, use: import Control.Applicative()
   |
16 | import Control.Applicative
   | ^^^^^^^^^^^^^^^^^^^^^^^^^^

System\Console\Haskeline\InputT.hs:17:1: warning: [-Wunused-imports]
    The import of `Control.Monad' is redundant
      except perhaps to import instances from `Control.Monad'
    To import instances alone, use: import Control.Monad()
   |
17 | import Control.Monad (liftM, ap)
   | ^^^^^^^^^^^^^^^^^^^^^^^^^^^^^^^^
[22 of 25] Compiling System.Console.Haskeline.Emacs ( System\Console\Haskeline\Emacs.hs, .stack-work\dist\5c8418a7\build\System\Console\Haskeline\Emacs.o )
[23 of 25] Compiling System.Console.Haskeline.Vi ( System\Console\Haskeline\Vi.hs, .stack-work\dist\5c8418a7\build\System\Console\Haskeline\Vi.o )
[24 of 25] Compiling System.Console.Haskeline ( System\Console\Haskeline.hs, .stack-work\dist\5c8418a7\build\System\Console\Haskeline.o )
[25 of 25] Compiling System.Console.Haskeline.IO ( System\Console\Haskeline\IO.hs, .stack-work\dist\5c8418a7\build\System\Console\Haskeline\IO.o )
Installing library in C:\sr\snapshots\13cecb13\lib\x86_64-windows-ghc-8.2.2\haskeline-0.7.4.2-DGuJCOcZAmc2Ddce2AkQr0
Registering library for haskeline-0.7.4.2..
