Configuring x509-system-1.6.6...
Preprocessing library for x509-system-1.6.6..
Building library for x509-system-1.6.6..
[1 of 4] Compiling System.X509.MacOS ( System\X509\MacOS.hs, .stack-work\dist\5c8418a7\build\System\X509\MacOS.o )

System\X509\MacOS.hs:8:1: warning: [-Wunused-imports]
    The import of `Control.Applicative' is redundant
      except perhaps to import instances from `Control.Applicative'
    To import instances alone, use: import Control.Applicative()
  |
8 | import Control.Applicative
  | ^^^^^^^^^^^^^^^^^^^^^^^^^^
[2 of 4] Compiling System.X509.Unix ( System\X509\Unix.hs, .stack-work\dist\5c8418a7\build\System\X509\Unix.o )
[3 of 4] Compiling System.X509.Win32 ( System\X509\Win32.hs, .stack-work\dist\5c8418a7\build\System\X509\Win32.o )

System\X509\Win32.hs:13:1: warning: [-Wunused-imports]
    The import of `Control.Applicative' is redundant
      except perhaps to import instances from `Control.Applicative'
    To import instances alone, use: import Control.Applicative()
   |
13 | import Control.Applicative
   | ^^^^^^^^^^^^^^^^^^^^^^^^^^

System\X509\Win32.hs:27:1: warning: [-Wunsupported-calling-conventions]
    * the 'stdcall' calling convention is unsupported on this platform,
      treating as ccall
    * When checking declaration:
        foreign import stdcall unsafe "CertOpenSystemStoreW" c_CertOpenSystemStore
          :: Ptr Word8 -> LPCTSTR -> IO HCertStore
   |
27 | foreign import stdcall unsafe "CertOpenSystemStoreW"
   | ^^^^^^^^^^^^^^^^^^^^^^^^^^^^^^^^^^^^^^^^^^^^^^^^^^^^...

System\X509\Win32.hs:29:1: warning: [-Wunsupported-calling-conventions]
    * the 'stdcall' calling convention is unsupported on this platform,
      treating as ccall
    * When checking declaration:
        foreign import stdcall unsafe "CertCloseStore" c_CertCloseStore
          :: HCertStore -> DWORD -> IO ()
   |
29 | foreign import stdcall unsafe "CertCloseStore"
   | ^^^^^^^^^^^^^^^^^^^^^^^^^^^^^^^^^^^^^^^^^^^^^^...

System\X509\Win32.hs:32:1: warning: [-Wunsupported-calling-conventions]
    * the 'stdcall' calling convention is unsupported on this platform,
      treating as ccall
    * When checking declaration:
        foreign import stdcall unsafe "CertEnumCertificatesInStore" c_CertEnumCertificatesInStore
          :: HCertStore -> PCCERT_Context -> IO PCCERT_Context
   |
32 | foreign import stdcall unsafe "CertEnumCertificatesInStore"
   | ^^^^^^^^^^^^^^^^^^^^^^^^^^^^^^^^^^^^^^^^^^^^^^^^^^^^^^^^^^^...
[4 of 4] Compiling System.X509      ( System\X509.hs, .stack-work\dist\5c8418a7\build\System\X509.o )
Installing library in C:\sr\snapshots\13cecb13\lib\x86_64-windows-ghc-8.2.2\x509-system-1.6.6-BBNI0murUCgCNhVLX6SeoE
Registering library for x509-system-1.6.6..
